<?xml version="1.0" encoding="UTF-8"?>
<!-- Generated by org.testng.reporters.JUnitXMLReporter -->
<testsuite ignored="0" hostname="DESKTOP-1KAEUVT" failures="0" tests="7" name="Default test" time="29.307" errors="0" timestamp="2023-10-06T23:56:32 IST">
  <testcase classname="com.OrangeHRMApplicationTesting_Log4j.OrangeHRMApplication_AddEmployeeTest_Log4j" name="orangeHRMApplication_LogInTest" time="2.281"/>
  <testcase classname="com.OrangeHRMApplicationTesting_Log4j.OrangeHRMApplication_AddEmployeeTest_Log4j" name="validatingHomePage" time="0.281"/>
  <testcase classname="com.OrangeHRMApplicationTesting_Log4j.OrangeHRMApplication_AddEmployeeTest_Log4j" name="pimTest" time="0.178"/>
  <testcase classname="com.OrangeHRMApplicationTesting_Log4j.OrangeHRMApplication_AddEmployeeTest_Log4j" name="addEmployeeTest" time="0.504"/>
  <testcase classname="com.OrangeHRMApplicationTesting_Log4j.OrangeHRMApplication_AddEmployeeTest_Log4j" name="addNewEmployeeTest" time="21.844"/>
  <testcase classname="com.OrangeHRMApplicationTesting_Log4j.OrangeHRMApplication_AddEmployeeTest_Log4j" name="welComeAdminTest" time="0.086"/>
  <testcase classname="com.OrangeHRMApplicationTesting_Log4j.OrangeHRMApplication_AddEmployeeTest_Log4j" name="logOutTest" time="0.733"/>
</testsuite> <!-- Default test -->
