<?xml version="1.0" encoding="UTF-8"?>
<!-- Generated by org.testng.reporters.JUnitXMLReporter -->
<testsuite ignored="0" hostname="DESKTOP-1KAEUVT" failures="0" tests="7" name="Default test" time="27.604" errors="0" timestamp="2023-10-07T20:15:10 IST">
  <testcase classname="com.OrangeHRMApplicationTestCases_Log4j.OrangeHRMApplication_AddEmployeeTest_Log4j" name="orangeHRMApplication_LogInTest" time="1.648"/>
  <testcase classname="com.OrangeHRMApplicationTestCases_Log4j.OrangeHRMApplication_AddEmployeeTest_Log4j" name="validatingHomePage" time="0.167"/>
  <testcase classname="com.OrangeHRMApplicationTestCases_Log4j.OrangeHRMApplication_AddEmployeeTest_Log4j" name="pimTest" time="0.187"/>
  <testcase classname="com.OrangeHRMApplicationTestCases_Log4j.OrangeHRMApplication_AddEmployeeTest_Log4j" name="addEmployeeTest" time="0.403"/>
  <testcase classname="com.OrangeHRMApplicationTestCases_Log4j.OrangeHRMApplication_AddEmployeeTest_Log4j" name="addNewEmployeeTest" time="21.42"/>
  <testcase classname="com.OrangeHRMApplicationTestCases_Log4j.OrangeHRMApplication_AddEmployeeTest_Log4j" name="welComeAdminTest" time="0.066"/>
  <testcase classname="com.OrangeHRMApplicationTestCases_Log4j.OrangeHRMApplication_AddEmployeeTest_Log4j" name="logOutTest" time="0.597"/>
</testsuite> <!-- Default test -->
