<?xml version="1.0" encoding="UTF-8"?>
<!-- Generated by org.testng.reporters.JUnitXMLReporter -->
<testsuite ignored="0" hostname="DESKTOP-1KAEUVT" failures="0" tests="7" name="OrangeHRMApplication_AddEmployeeTest" time="26.327" errors="0" timestamp="2023-10-07T20:23:03 IST">
  <testcase classname="com.OrangeHRMApplicationTestCases.OrangeHRMApplication_AddEmployeeTest" name="orangeHRMApplication_LogInTest" time="1.128"/>
  <testcase classname="com.OrangeHRMApplicationTestCases.OrangeHRMApplication_AddEmployeeTest" name="validatingHomePage" time="0.123"/>
  <testcase classname="com.OrangeHRMApplicationTestCases.OrangeHRMApplication_AddEmployeeTest" name="pimTest" time="0.17"/>
  <testcase classname="com.OrangeHRMApplicationTestCases.OrangeHRMApplication_AddEmployeeTest" name="addEmployeeTest" time="0.392"/>
  <testcase classname="com.OrangeHRMApplicationTestCases.OrangeHRMApplication_AddEmployeeTest" name="addNewEmployeeTest" time="21.233"/>
  <testcase classname="com.OrangeHRMApplicationTestCases.OrangeHRMApplication_AddEmployeeTest" name="welComeAdminTest" time="0.053"/>
  <testcase classname="com.OrangeHRMApplicationTestCases.OrangeHRMApplication_AddEmployeeTest" name="logOutTest" time="0.578"/>
</testsuite> <!-- OrangeHRMApplication_AddEmployeeTest -->
