<?xml version="1.0" encoding="UTF-8"?>
<!-- Generated by org.testng.reporters.JUnitXMLReporter -->
<testsuite ignored="0" hostname="DESKTOP-1KAEUVT" failures="0" tests="3" name="OrangeHRMApplication_LogInTest" time="5.775" errors="0" timestamp="2023-10-07T20:22:37 IST">
  <testcase classname="com.OrangeHRMApplicationTestCases.OrangeHRMApplication_LogInTest" name="orangeHRMApplication_LogInTest" time="1.835"/>
  <testcase classname="com.OrangeHRMApplicationTestCases.OrangeHRMApplication_LogInTest" name="validatingHomePage" time="0.167"/>
  <testcase classname="com.OrangeHRMApplicationTestCases.OrangeHRMApplication_LogInTest" name="logOut" time="0.663"/>
</testsuite> <!-- OrangeHRMApplication_LogInTest -->
