<?xml version="1.0" encoding="UTF-8"?>
<testng-results ignored="0" total="2" passed="2" failed="0" skipped="0">
  <reporter-output>
  </reporter-output>
  <suite started-at="2023-12-09T16:49:21 IST" name="Default suite" finished-at="2023-12-09T16:49:24 IST" duration-ms="3699">
    <groups>
    </groups>
    <test started-at="2023-12-09T16:49:21 IST" name="Default test" finished-at="2023-12-09T16:49:24 IST" duration-ms="3699">
      <class name="Excel_OhrmPractice.Ohrm_Excel_Practice">
        <test-method signature="setUp()[pri:0, instance:Excel_OhrmPractice.Ohrm_Excel_Practice@50ad3bc1]" started-at="2023-12-09T16:49:21 IST" name="setUp" finished-at="2023-12-09T16:49:24 IST" duration-ms="2965" status="PASS">
          <reporter-output>
          </reporter-output>
        </test-method> <!-- setUp -->
        <test-method signature="LoginPanelTest()[pri:1, instance:Excel_OhrmPractice.Ohrm_Excel_Practice@50ad3bc1]" started-at="2023-12-09T16:49:24 IST" name="LoginPanelTest" description="Validating OrangeHRM Application HomePage Loginpanel Text" finished-at="2023-12-09T16:49:24 IST" duration-ms="689" status="PASS">
          <reporter-output>
          </reporter-output>
        </test-method> <!-- LoginPanelTest -->
      </class> <!-- Excel_OhrmPractice.Ohrm_Excel_Practice -->
    </test> <!-- Default test -->
  </suite> <!-- Default suite -->
</testng-results>
