<?xml version="1.0" encoding="UTF-8"?>
<!-- Generated by org.testng.reporters.JUnitXMLReporter -->
<testsuite ignored="0" hostname="DESKTOP-1KAEUVT" failures="0" tests="7" name="OrangeHRMApplication_AddEmployeeTest" time="26.064" errors="0" timestamp="2023-10-17T16:40:48 IST">
  <testcase classname="com.OrangeHRMApplicationTesting.OrangeHRMApplication_AddEmployeeTest" name="orangeHRMApplication_LogInTest" time="1.154"/>
  <testcase classname="com.OrangeHRMApplicationTesting.OrangeHRMApplication_AddEmployeeTest" name="validatingHomePage" time="0.092"/>
  <testcase classname="com.OrangeHRMApplicationTesting.OrangeHRMApplication_AddEmployeeTest" name="pimTest" time="0.212"/>
  <testcase classname="com.OrangeHRMApplicationTesting.OrangeHRMApplication_AddEmployeeTest" name="addEmployeeTest" time="0.397"/>
  <testcase classname="com.OrangeHRMApplicationTesting.OrangeHRMApplication_AddEmployeeTest" name="addNewEmployeeTest" time="21.307"/>
  <testcase classname="com.OrangeHRMApplicationTesting.OrangeHRMApplication_AddEmployeeTest" name="welComeAdminTest" time="0.048"/>
  <testcase classname="com.OrangeHRMApplicationTesting.OrangeHRMApplication_AddEmployeeTest" name="logOutTest" time="0.539"/>
</testsuite> <!-- OrangeHRMApplication_AddEmployeeTest -->
