<?xml version="1.0" encoding="UTF-8"?>
<!-- Generated by org.testng.reporters.JUnitXMLReporter -->
<testsuite ignored="0" hostname="DESKTOP-1KAEUVT" failures="0" tests="3" name="OrangeHRMApplication_LogInTest" time="5.128" errors="0" timestamp="2023-10-17T16:40:22 IST">
  <testcase classname="com.OrangeHRMApplicationTesting.OrangeHRMApplication_LogInTest" name="orangeHRMApplication_LogInTest" time="1.434"/>
  <testcase classname="com.OrangeHRMApplicationTesting.OrangeHRMApplication_LogInTest" name="validatingHomePage" time="0.253"/>
  <testcase classname="com.OrangeHRMApplicationTesting.OrangeHRMApplication_LogInTest" name="logOut" time="0.597"/>
</testsuite> <!-- OrangeHRMApplication_LogInTest -->
