<?xml version="1.0" encoding="UTF-8"?>
<testng-results ignored="0" total="10" passed="10" failed="0" skipped="0">
  <reporter-output>
  </reporter-output>
  <suite started-at="2023-10-07T20:22:31 IST" name="OrangeHRMApplication" finished-at="2023-10-07T20:23:03 IST" duration-ms="32131">
    <groups>
    </groups>
    <test started-at="2023-10-07T20:22:31 IST" name="OrangeHRMApplication_LogInTest" finished-at="2023-10-07T20:22:37 IST" duration-ms="5775">
      <class name="com.OrangeHRMApplicationTestCases.OrangeHRMApplication_LogInTest">
        <test-method is-config="true" signature="setUp()[pri:0, instance:com.OrangeHRMApplicationTestCases.OrangeHRMApplication_LogInTest@5b03b9fe]" started-at="2023-10-07T20:22:31 IST" name="setUp" finished-at="2023-10-07T20:22:34 IST" duration-ms="2385" status="PASS">
          <reporter-output>
          </reporter-output>
        </test-method> <!-- setUp -->
        <test-method signature="orangeHRMApplication_LogInTest()[pri:1, instance:com.OrangeHRMApplicationTestCases.OrangeHRMApplication_LogInTest@5b03b9fe]" started-at="2023-10-07T20:22:34 IST" name="orangeHRMApplication_LogInTest" description="Validating LogIn Functionality of OrangeHRM Application" finished-at="2023-10-07T20:22:35 IST" duration-ms="1835" status="PASS">
          <reporter-output>
          </reporter-output>
        </test-method> <!-- orangeHRMApplication_LogInTest -->
        <test-method signature="validatingHomePage()[pri:2, instance:com.OrangeHRMApplicationTestCases.OrangeHRMApplication_LogInTest@5b03b9fe]" started-at="2023-10-07T20:22:35 IST" name="validatingHomePage" description="Validating OrangeHRM Application Home Page" finished-at="2023-10-07T20:22:36 IST" duration-ms="167" status="PASS">
          <reporter-output>
          </reporter-output>
        </test-method> <!-- validatingHomePage -->
        <test-method signature="logOut()[pri:3, instance:com.OrangeHRMApplicationTestCases.OrangeHRMApplication_LogInTest@5b03b9fe]" started-at="2023-10-07T20:22:36 IST" name="logOut" description="LogOut of OrangeHRM Application" finished-at="2023-10-07T20:22:36 IST" duration-ms="663" status="PASS">
          <reporter-output>
          </reporter-output>
        </test-method> <!-- logOut -->
        <test-method is-config="true" signature="tearDown()[pri:0, instance:com.OrangeHRMApplicationTestCases.OrangeHRMApplication_LogInTest@5b03b9fe]" started-at="2023-10-07T20:22:36 IST" name="tearDown" finished-at="2023-10-07T20:22:37 IST" duration-ms="680" status="PASS">
          <reporter-output>
          </reporter-output>
        </test-method> <!-- tearDown -->
      </class> <!-- com.OrangeHRMApplicationTestCases.OrangeHRMApplication_LogInTest -->
    </test> <!-- OrangeHRMApplication_LogInTest -->
    <test started-at="2023-10-07T20:22:37 IST" name="OrangeHRMApplication_AddEmployeeTest" finished-at="2023-10-07T20:23:03 IST" duration-ms="26327">
      <class name="com.OrangeHRMApplicationTestCases.OrangeHRMApplication_AddEmployeeTest">
        <test-method is-config="true" signature="setUp()[pri:0, instance:com.OrangeHRMApplicationTestCases.OrangeHRMApplication_AddEmployeeTest@576d5deb]" started-at="2023-10-07T20:22:37 IST" name="setUp" finished-at="2023-10-07T20:22:39 IST" duration-ms="1966" status="PASS">
          <reporter-output>
          </reporter-output>
        </test-method> <!-- setUp -->
        <test-method signature="orangeHRMApplication_LogInTest()[pri:1, instance:com.OrangeHRMApplicationTestCases.OrangeHRMApplication_AddEmployeeTest@576d5deb]" started-at="2023-10-07T20:22:39 IST" name="orangeHRMApplication_LogInTest" description="Validating LogIn Functionality of OrangeHRM Application" finished-at="2023-10-07T20:22:40 IST" duration-ms="1128" status="PASS">
          <reporter-output>
          </reporter-output>
        </test-method> <!-- orangeHRMApplication_LogInTest -->
        <test-method signature="validatingHomePage()[pri:2, instance:com.OrangeHRMApplicationTestCases.OrangeHRMApplication_AddEmployeeTest@576d5deb]" started-at="2023-10-07T20:22:40 IST" name="validatingHomePage" description="Validating OrangeHRM Application Home Page" finished-at="2023-10-07T20:22:40 IST" duration-ms="123" status="PASS">
          <reporter-output>
          </reporter-output>
        </test-method> <!-- validatingHomePage -->
        <test-method signature="pimTest()[pri:3, instance:com.OrangeHRMApplicationTestCases.OrangeHRMApplication_AddEmployeeTest@576d5deb]" started-at="2023-10-07T20:22:40 IST" name="pimTest" description=" Validating OrangeHRM Application HomePage PIM " finished-at="2023-10-07T20:22:40 IST" duration-ms="170" status="PASS">
          <reporter-output>
          </reporter-output>
        </test-method> <!-- pimTest -->
        <test-method signature="addEmployeeTest()[pri:4, instance:com.OrangeHRMApplicationTestCases.OrangeHRMApplication_AddEmployeeTest@576d5deb]" started-at="2023-10-07T20:22:40 IST" name="addEmployeeTest" description=" Validating OrangeHRM Application HomePage PIM AddEmployee " finished-at="2023-10-07T20:22:41 IST" duration-ms="392" status="PASS">
          <reporter-output>
          </reporter-output>
        </test-method> <!-- addEmployeeTest -->
        <test-method signature="addNewEmployeeTest()[pri:5, instance:com.OrangeHRMApplicationTestCases.OrangeHRMApplication_AddEmployeeTest@576d5deb]" started-at="2023-10-07T20:22:41 IST" name="addNewEmployeeTest" description=" Validating OrangeHRM Application HomePage Add New Employee " finished-at="2023-10-07T20:23:02 IST" duration-ms="21233" status="PASS">
          <reporter-output>
          </reporter-output>
        </test-method> <!-- addNewEmployeeTest -->
        <test-method signature="welComeAdminTest()[pri:6, instance:com.OrangeHRMApplicationTestCases.OrangeHRMApplication_AddEmployeeTest@576d5deb]" started-at="2023-10-07T20:23:02 IST" name="welComeAdminTest" description="Validating WelCome Admin of OrangeHRM Application" finished-at="2023-10-07T20:23:02 IST" duration-ms="53" status="PASS">
          <reporter-output>
          </reporter-output>
        </test-method> <!-- welComeAdminTest -->
        <test-method signature="logOutTest()[pri:7, instance:com.OrangeHRMApplicationTestCases.OrangeHRMApplication_AddEmployeeTest@576d5deb]" started-at="2023-10-07T20:23:02 IST" name="logOutTest" description=" Validating LogOut of OrangeHRM Application" finished-at="2023-10-07T20:23:03 IST" duration-ms="578" status="PASS">
          <reporter-output>
          </reporter-output>
        </test-method> <!-- logOutTest -->
        <test-method is-config="true" signature="tearDown()[pri:0, instance:com.OrangeHRMApplicationTestCases.OrangeHRMApplication_AddEmployeeTest@576d5deb]" started-at="2023-10-07T20:23:03 IST" name="tearDown" finished-at="2023-10-07T20:23:03 IST" duration-ms="666" status="PASS">
          <reporter-output>
          </reporter-output>
        </test-method> <!-- tearDown -->
      </class> <!-- com.OrangeHRMApplicationTestCases.OrangeHRMApplication_AddEmployeeTest -->
    </test> <!-- OrangeHRMApplication_AddEmployeeTest -->
  </suite> <!-- OrangeHRMApplication -->
</testng-results>
