<?xml version="1.0" encoding="UTF-8"?>
<!-- Generated by org.testng.reporters.JUnitXMLReporter -->
<testsuite ignored="0" hostname="DESKTOP-1KAEUVT" failures="0" tests="3" name="Default test" time="11.515" errors="0" timestamp="2023-10-10T15:05:13 IST">
  <testcase classname="com.OrangeHRMApplicationPageTests.OrangeHRMApplication_LogInPageTest" name="ValidatingLogInPanelTextTest" time="0.137"/>
  <testcase classname="com.OrangeHRMApplicationPageTests.OrangeHRMApplication_LogInPageTest" name="ValidatingOrangeHRMApplicationLogInPageLogoTest" time="0.07"/>
  <testcase classname="com.OrangeHRMApplicationPageTests.OrangeHRMApplication_LogInPageTest" name="OrangeHRMApplicationLogInPage_LogInTest" time="1.94"/>
</testsuite> <!-- Default test -->
