<?xml version="1.0" encoding="UTF-8"?>
<!-- Generated by org.testng.reporters.JUnitXMLReporter -->
<testsuite ignored="0" hostname="DESKTOP-1KAEUVT" failures="0" tests="6" name="Default test" time="10.723" errors="0" timestamp="2023-12-04T13:19:12 IST">
  <testcase classname="com.OrangeHRMApplicationPageTests.OrangeHRMApplication_AddEmployeePageTest" name="ValidatingOrangeHRMApllicationLoginPageTest" time="4.958"/>
  <testcase classname="com.OrangeHRMApplicationPageTests.OrangeHRMApplication_AddEmployeePageTest" name="ValidatingOrangeHRMApplicationHomePagePIMTest" time="0.254"/>
  <testcase classname="com.OrangeHRMApplicationPageTests.OrangeHRMApplication_AddEmployeePageTest" name="ValidatingOrangeHRMApplicationHomePagePIMAddEmployeeTest" time="0.588"/>
  <testcase classname="com.OrangeHRMApplicationPageTests.OrangeHRMApplication_AddEmployeePageTest" name="ValidatingAddEmployeeFullNameTextTest" time="0.033"/>
  <testcase classname="com.OrangeHRMApplicationPageTests.OrangeHRMApplication_AddEmployeePageTest" name="ValidatingAddEmployeePersonalDetails" time="0.279"/>
  <testcase classname="com.OrangeHRMApplicationPageTests.OrangeHRMApplication_AddEmployeePageTest" name="ValidatingAddEmployeebuttonpropertyTest" time="1.502"/>
</testsuite> <!-- Default test -->
