<?xml version="1.0" encoding="UTF-8"?>
<testng-results ignored="0" total="6" passed="6" failed="0" skipped="0">
  <reporter-output>
  </reporter-output>
  <suite started-at="2023-12-04T13:19:02 IST" name="Default suite" finished-at="2023-12-04T13:19:12 IST" duration-ms="10723">
    <groups>
    </groups>
    <test started-at="2023-12-04T13:19:02 IST" name="Default test" finished-at="2023-12-04T13:19:12 IST" duration-ms="10723">
      <class name="com.OrangeHRMApplicationPageTests.OrangeHRMApplication_AddEmployeePageTest">
        <test-method is-config="true" signature="setUp()[pri:0, instance:com.OrangeHRMApplicationPageTests.OrangeHRMApplication_AddEmployeePageTest@7c711375]" started-at="2023-12-04T13:19:02 IST" name="setUp" finished-at="2023-12-04T13:19:04 IST" duration-ms="2320" status="PASS">
          <reporter-output>
          </reporter-output>
        </test-method> <!-- setUp -->
        <test-method signature="ValidatingOrangeHRMApllicationLoginPageTest()[pri:1, instance:com.OrangeHRMApplicationPageTests.OrangeHRMApplication_AddEmployeePageTest@7c711375]" started-at="2023-12-04T13:19:04 IST" name="ValidatingOrangeHRMApllicationLoginPageTest" description="validating OrangeHRM Application LogIn Page" finished-at="2023-12-04T13:19:09 IST" duration-ms="4958" status="PASS">
          <reporter-output>
          </reporter-output>
        </test-method> <!-- ValidatingOrangeHRMApllicationLoginPageTest -->
        <test-method signature="ValidatingOrangeHRMApplicationHomePagePIMTest()[pri:2, instance:com.OrangeHRMApplicationPageTests.OrangeHRMApplication_AddEmployeePageTest@7c711375]" started-at="2023-12-04T13:19:09 IST" name="ValidatingOrangeHRMApplicationHomePagePIMTest" description="Validating OrangeHRM Application HomePage PIM Text - Test" finished-at="2023-12-04T13:19:09 IST" duration-ms="254" status="PASS">
          <reporter-output>
          </reporter-output>
        </test-method> <!-- ValidatingOrangeHRMApplicationHomePagePIMTest -->
        <test-method signature="ValidatingOrangeHRMApplicationHomePagePIMAddEmployeeTest()[pri:3, instance:com.OrangeHRMApplicationPageTests.OrangeHRMApplication_AddEmployeePageTest@7c711375]" started-at="2023-12-04T13:19:09 IST" name="ValidatingOrangeHRMApplicationHomePagePIMAddEmployeeTest" description="Validating OrangeHRM Application HomePage PIM AddEmployee Text - Test" finished-at="2023-12-04T13:19:10 IST" duration-ms="588" status="PASS">
          <reporter-output>
          </reporter-output>
        </test-method> <!-- ValidatingOrangeHRMApplicationHomePagePIMAddEmployeeTest -->
        <test-method signature="ValidatingAddEmployeeFullNameTextTest()[pri:4, instance:com.OrangeHRMApplicationPageTests.OrangeHRMApplication_AddEmployeePageTest@7c711375]" started-at="2023-12-04T13:19:10 IST" name="ValidatingAddEmployeeFullNameTextTest" description="Validating AddEmployee FullNameText - Test" finished-at="2023-12-04T13:19:10 IST" duration-ms="33" status="PASS">
          <reporter-output>
          </reporter-output>
        </test-method> <!-- ValidatingAddEmployeeFullNameTextTest -->
        <test-method signature="ValidatingAddEmployeePersonalDetails()[pri:5, instance:com.OrangeHRMApplicationPageTests.OrangeHRMApplication_AddEmployeePageTest@7c711375]" started-at="2023-12-04T13:19:10 IST" name="ValidatingAddEmployeePersonalDetails" description="Validating AddEmployee firstname textbox" finished-at="2023-12-04T13:19:10 IST" duration-ms="279" status="PASS">
          <reporter-output>
          </reporter-output>
        </test-method> <!-- ValidatingAddEmployeePersonalDetails -->
        <test-method signature="ValidatingAddEmployeebuttonpropertyTest()[pri:6, instance:com.OrangeHRMApplicationPageTests.OrangeHRMApplication_AddEmployeePageTest@7c711375]" started-at="2023-12-04T13:19:10 IST" name="ValidatingAddEmployeebuttonpropertyTest" description="ValidatingAddEmployeebuttonproperty" finished-at="2023-12-04T13:19:12 IST" duration-ms="1502" status="PASS">
          <reporter-output>
          </reporter-output>
        </test-method> <!-- ValidatingAddEmployeebuttonpropertyTest -->
        <test-method is-config="true" signature="tearDown()[pri:0, instance:com.OrangeHRMApplicationPageTests.OrangeHRMApplication_AddEmployeePageTest@7c711375]" started-at="2023-12-04T13:19:12 IST" name="tearDown" finished-at="2023-12-04T13:19:12 IST" duration-ms="732" status="PASS">
          <reporter-output>
          </reporter-output>
        </test-method> <!-- tearDown -->
      </class> <!-- com.OrangeHRMApplicationPageTests.OrangeHRMApplication_AddEmployeePageTest -->
    </test> <!-- Default test -->
  </suite> <!-- Default suite -->
</testng-results>
